<?xml version="1.0" encoding="UTF-8"?>
<!-- Generated by org.testng.reporters.JUnitXMLReporter -->
<testsuite ignored="0" hostname="LAPTOP-4LPLMBEP" failures="0" tests="6" name="Default test" time="0.664" errors="0" timestamp="2020-08-25T12:55:28 IST">
  <testcase classname="com.project.test.EmiCalculator" name="@BeforeTest Set" time="-1.598340327542E9">
    <failure type="org.testng.TestNGException" message="
Parameter &amp;apos;browser&amp;apos; is required by BeforeTest on method Set but has not been marked @Optional or defined
in C:\Users\Lenovo\AppData\Local\Temp\testng-eclipse--1248677648\testng-customsuite.xml">
      <![CDATA[org.testng.TestNGException: 
Parameter 'browser' is required by BeforeTest on method Set but has not been marked @Optional or defined
in C:\Users\Lenovo\AppData\Local\Temp\testng-eclipse--1248677648\testng-customsuite.xml
at org.testng.internal.Parameters.createParams(Parameters.java:268)
at org.testng.internal.Parameters.createParametersForMethod(Parameters.java:356)
at org.testng.internal.Parameters.createParameters(Parameters.java:700)
at org.testng.internal.Parameters.createConfigurationParameters(Parameters.java:166)
at org.testng.internal.ConfigInvoker.invokeConfigurations(ConfigInvoker.java:301)
at org.testng.TestRunner.invokeTestConfigurations(TestRunner.java:617)
at org.testng.TestRunner.beforeRun(TestRunner.java:607)
at org.testng.TestRunner.run(TestRunner.java:578)
at org.testng.SuiteRunner.runTest(SuiteRunner.java:384)
at org.testng.SuiteRunner.runSequentially(SuiteRunner.java:378)
at org.testng.SuiteRunner.privateRun(SuiteRunner.java:337)
at org.testng.SuiteRunner.run(SuiteRunner.java:286)
at org.testng.SuiteRunnerWorker.runSuite(SuiteRunnerWorker.java:53)
at org.testng.SuiteRunnerWorker.run(SuiteRunnerWorker.java:96)
at org.testng.TestNG.runSuitesSequentially(TestNG.java:1218)
at org.testng.TestNG.runSuitesLocally(TestNG.java:1140)
at org.testng.TestNG.runSuites(TestNG.java:1069)
at org.testng.TestNG.run(TestNG.java:1037)
at org.testng.remote.AbstractRemoteTestNG.run(AbstractRemoteTestNG.java:115)
at org.testng.remote.RemoteTestNG.initAndRun(RemoteTestNG.java:251)
at org.testng.remote.RemoteTestNG.main(RemoteTestNG.java:77)
]]>
    </failure>
  </testcase> <!-- @BeforeTest Set -->
  <testcase classname="com.project.test.EmiCalculator" name="@AfterTest End" time="-1.598340327642E9">
    <skipped/>
  </testcase> <!-- @AfterTest End -->
  <testcase classname="com.project.test.EmiCalculator" name="Homepage" time="0.0">
    <skipped/>
  </testcase> <!-- Homepage -->
  <testcase classname="com.project.test.EmiCalculator" name="CarloanPage" time="0.0">
    <skipped/>
  </testcase> <!-- CarloanPage -->
  <testcase classname="com.project.test.EmiCalculator" name="ClearPreSetData" time="0.0">
    <skipped/>
  </testcase> <!-- ClearPreSetData -->
  <testcase classname="com.project.test.EmiCalculator" name="DataInput" time="0.0">
    <skipped/>
  </testcase> <!-- DataInput -->
  <testcase classname="com.project.test.EmiCalculator" name="Scroll" time="0.0">
    <skipped/>
  </testcase> <!-- Scroll -->
  <testcase classname="com.project.test.EmiCalculator" name="FetchEmiValues" time="0.0">
    <skipped/>
  </testcase> <!-- FetchEmiValues -->
</testsuite> <!-- Default test -->
